<?xml version="1.0" encoding="UTF-8"?>
<testsuite name="com.seongmink.springboot.web.HelloResponseDtoTest" tests="1" skipped="0" failures="0" errors="0" timestamp="2020-06-14T08:30:40" hostname="DESKTOP-KVCQHCD" time="0.003">
  <properties/>
  <testcase name="롬복_기능_테스트" classname="com.seongmink.springboot.web.HelloResponseDtoTest" time="0.003"/>
  <system-out><![CDATA[]]></system-out>
  <system-err><![CDATA[]]></system-err>
</testsuite>
