<?xml version="1.0" encoding="UTF-8"?>
<testsuite name="com.seongmink.springboot.web.IndexControllerTest" tests="1" skipped="0" failures="0" errors="0" timestamp="2020-06-14T08:30:43" hostname="DESKTOP-KVCQHCD" time="0.249">
  <properties/>
  <testcase name="메인페이지_로딩" classname="com.seongmink.springboot.web.IndexControllerTest" time="0.249"/>
  <system-out><![CDATA[2020-06-14 17:30:40.176  INFO 9064 --- [    Test worker] .b.t.c.SpringBootTestContextBootstrapper : Neither @ContextConfiguration nor @ContextHierarchy found for test class [com.seongmink.springboot.web.IndexControllerTest], using SpringBootContextLoader
2020-06-14 17:30:40.177  INFO 9064 --- [    Test worker] o.s.t.c.support.AbstractContextLoader    : Could not detect default resource locations for test class [com.seongmink.springboot.web.IndexControllerTest]: no resource found for suffixes {-context.xml, Context.groovy}.
2020-06-14 17:30:40.177  INFO 9064 --- [    Test worker] t.c.s.AnnotationConfigContextLoaderUtils : Could not detect default configuration classes for test class [com.seongmink.springboot.web.IndexControllerTest]: IndexControllerTest does not declare any static, non-private, non-final, nested classes annotated with @Configuration.
2020-06-14 17:30:40.179  INFO 9064 --- [    Test worker] .b.t.c.SpringBootTestContextBootstrapper : Found @SpringBootConfiguration com.seongmink.springboot.Application for test class com.seongmink.springboot.web.IndexControllerTest
2020-06-14 17:30:40.181  INFO 9064 --- [    Test worker] .b.t.c.SpringBootTestContextBootstrapper : Loaded default TestExecutionListener class names from location [META-INF/spring.factories]: [org.springframework.security.test.context.support.WithSecurityContextTestExecutionListener, org.springframework.security.test.context.support.ReactorContextTestExecutionListener, org.springframework.boot.test.autoconfigure.restdocs.RestDocsTestExecutionListener, org.springframework.boot.test.autoconfigure.web.client.MockRestServiceServerResetTestExecutionListener, org.springframework.boot.test.autoconfigure.web.servlet.MockMvcPrintOnlyOnFailureTestExecutionListener, org.springframework.boot.test.autoconfigure.web.servlet.WebDriverTestExecutionListener, org.springframework.boot.test.mock.mockito.MockitoTestExecutionListener, org.springframework.boot.test.mock.mockito.ResetMocksTestExecutionListener, org.springframework.test.context.web.ServletTestExecutionListener, org.springframework.test.context.support.DirtiesContextBeforeModesTestExecutionListener, org.springframework.test.context.support.DependencyInjectionTestExecutionListener, org.springframework.test.context.support.DirtiesContextTestExecutionListener, org.springframework.test.context.transaction.TransactionalTestExecutionListener, org.springframework.test.context.jdbc.SqlScriptsTestExecutionListener]
2020-06-14 17:30:40.182  INFO 9064 --- [    Test worker] .b.t.c.SpringBootTestContextBootstrapper : Using TestExecutionListeners: [org.springframework.test.context.web.ServletTestExecutionListener@85a5fbc, org.springframework.test.context.support.DirtiesContextBeforeModesTestExecutionListener@3ced46, org.springframework.boot.test.mock.mockito.MockitoTestExecutionListener@3d9fdb30, org.springframework.boot.test.autoconfigure.SpringBootDependencyInjectionTestExecutionListener@1a82d411, org.springframework.test.context.support.DirtiesContextTestExecutionListener@407fdf42, org.springframework.test.context.transaction.TransactionalTestExecutionListener@27ce4cd6, org.springframework.test.context.jdbc.SqlScriptsTestExecutionListener@64cb5544, org.springframework.security.test.context.support.WithSecurityContextTestExecutionListener@68652790, org.springframework.security.test.context.support.ReactorContextTestExecutionListener@56de7011, org.springframework.boot.test.autoconfigure.restdocs.RestDocsTestExecutionListener@3233ee0, org.springframework.boot.test.autoconfigure.web.client.MockRestServiceServerResetTestExecutionListener@3d7c3ab5, org.springframework.boot.test.autoconfigure.web.servlet.MockMvcPrintOnlyOnFailureTestExecutionListener@7ce4d32d, org.springframework.boot.test.autoconfigure.web.servlet.WebDriverTestExecutionListener@599f7a58, org.springframework.boot.test.mock.mockito.ResetMocksTestExecutionListener@43d19bb5]

  .   ____          _            __ _ _
 /\\ / ___'_ __ _ _(_)_ __  __ _ \ \ \ \
( ( )\___ | '_ | '_| | '_ \/ _` | \ \ \ \
 \\/  ___)| |_)| | | | | || (_| |  ) ) ) )
  '  |____| .__|_| |_|_| |_\__, | / / / /
 =========|_|==============|___/=/_/_/_/
 :: Spring Boot ::        (v2.1.7.RELEASE)

2020-06-14 17:30:40.221  INFO 9064 --- [    Test worker] c.s.springboot.web.IndexControllerTest   : Starting IndexControllerTest on DESKTOP-KVCQHCD with PID 9064 (started by multicampus in C:\Study_springboot2_webservice)
2020-06-14 17:30:40.221  INFO 9064 --- [    Test worker] c.s.springboot.web.IndexControllerTest   : No active profile set, falling back to default profiles: default
2020-06-14 17:30:40.534  INFO 9064 --- [    Test worker] .s.d.r.c.RepositoryConfigurationDelegate : Bootstrapping Spring Data repositories in DEFAULT mode.
2020-06-14 17:30:40.564  INFO 9064 --- [    Test worker] .s.d.r.c.RepositoryConfigurationDelegate : Finished Spring Data repository scanning in 30ms. Found 2 repository interfaces.
2020-06-14 17:30:40.716  INFO 9064 --- [    Test worker] trationDelegate$BeanPostProcessorChecker : Bean 'org.springframework.transaction.annotation.ProxyTransactionManagementConfiguration' of type [org.springframework.transaction.annotation.ProxyTransactionManagementConfiguration$$EnhancerBySpringCGLIB$$a44be88c] is not eligible for getting processed by all BeanPostProcessors (for example: not eligible for auto-proxying)
2020-06-14 17:30:41.090  INFO 9064 --- [    Test worker] o.s.b.w.embedded.tomcat.TomcatWebServer  : Tomcat initialized with port(s): 0 (http)
2020-06-14 17:30:41.132  INFO 9064 --- [    Test worker] o.apache.catalina.core.StandardService   : Starting service [Tomcat]
2020-06-14 17:30:41.132  INFO 9064 --- [    Test worker] org.apache.catalina.core.StandardEngine  : Starting Servlet engine: [Apache Tomcat/9.0.22]
2020-06-14 17:30:41.390  INFO 9064 --- [    Test worker] o.a.c.c.C.[Tomcat].[localhost].[/]       : Initializing Spring embedded WebApplicationContext
2020-06-14 17:30:41.390  INFO 9064 --- [    Test worker] o.s.web.context.ContextLoader            : Root WebApplicationContext: initialization completed in 1166 ms
2020-06-14 17:30:41.632  INFO 9064 --- [    Test worker] com.zaxxer.hikari.HikariDataSource       : HikariPool-2 - Starting...
2020-06-14 17:30:41.633  INFO 9064 --- [    Test worker] com.zaxxer.hikari.HikariDataSource       : HikariPool-2 - Start completed.
2020-06-14 17:30:41.686  INFO 9064 --- [    Test worker] o.hibernate.jpa.internal.util.LogHelper  : HHH000204: Processing PersistenceUnitInfo [
	name: default
	...]
2020-06-14 17:30:41.701  INFO 9064 --- [    Test worker] org.hibernate.dialect.Dialect            : HHH000400: Using dialect: org.hibernate.dialect.MySQL5InnoDBDialect
Hibernate: drop table if exists posts
Hibernate: drop table if exists user
Hibernate: create table posts (id bigint not null auto_increment, created_date datetime, modified_date datetime, author varchar(255), content TEXT not null, title varchar(500) not null, primary key (id)) engine=InnoDB
Hibernate: create table user (id bigint not null auto_increment, created_date datetime, modified_date datetime, email varchar(255) not null, name varchar(255) not null, picture varchar(255), role varchar(255) not null, primary key (id)) engine=InnoDB
2020-06-14 17:30:41.792  INFO 9064 --- [    Test worker] o.h.t.schema.internal.SchemaCreatorImpl  : HHH000476: Executing import script 'org.hibernate.tool.schema.internal.exec.ScriptSourceInputNonExistentImpl@6008c2a1'
2020-06-14 17:30:41.792  INFO 9064 --- [    Test worker] j.LocalContainerEntityManagerFactoryBean : Initialized JPA EntityManagerFactory for persistence unit 'default'
2020-06-14 17:30:42.192  INFO 9064 --- [    Test worker] o.h.h.i.QueryTranslatorFactoryInitiator  : HHH000397: Using ASTQueryTranslatorFactory
2020-06-14 17:30:42.371  INFO 9064 --- [    Test worker] o.s.s.web.DefaultSecurityFilterChain     : Creating filter chain: any request, [org.springframework.security.web.context.request.async.WebAsyncManagerIntegrationFilter@76fb58cc, org.springframework.security.web.context.SecurityContextPersistenceFilter@2d318328, org.springframework.security.web.header.HeaderWriterFilter@317461d8, org.springframework.security.web.authentication.logout.LogoutFilter@af27f81, org.springframework.security.oauth2.client.web.OAuth2AuthorizationRequestRedirectFilter@78457900, org.springframework.security.oauth2.client.web.OAuth2LoginAuthenticationFilter@74319fbc, org.springframework.security.web.authentication.ui.DefaultLoginPageGeneratingFilter@2bfb8115, org.springframework.security.web.authentication.ui.DefaultLogoutPageGeneratingFilter@4d00a33c, org.springframework.security.web.savedrequest.RequestCacheAwareFilter@37edcdf7, org.springframework.security.web.servletapi.SecurityContextHolderAwareRequestFilter@25051073, org.springframework.security.web.authentication.AnonymousAuthenticationFilter@1e5e4ee5, org.springframework.security.web.session.SessionManagementFilter@619dedb3, org.springframework.security.web.access.ExceptionTranslationFilter@73ad3d64, org.springframework.security.web.access.intercept.FilterSecurityInterceptor@7868750a]
2020-06-14 17:30:42.597  INFO 9064 --- [    Test worker] o.s.s.concurrent.ThreadPoolTaskExecutor  : Initializing ExecutorService 'applicationTaskExecutor'
2020-06-14 17:30:42.612  WARN 9064 --- [    Test worker] aWebConfiguration$JpaWebMvcConfiguration : spring.jpa.open-in-view is enabled by default. Therefore, database queries may be performed during view rendering. Explicitly configure spring.jpa.open-in-view to disable this warning
2020-06-14 17:30:42.644  INFO 9064 --- [    Test worker] o.s.b.a.w.s.WelcomePageHandlerMapping    : Adding welcome page template: index
2020-06-14 17:30:43.048  INFO 9064 --- [    Test worker] s.a.ScheduledAnnotationBeanPostProcessor : No TaskScheduler/ScheduledExecutorService bean found for scheduled processing
2020-06-14 17:30:43.077  INFO 9064 --- [    Test worker] o.s.b.w.embedded.tomcat.TomcatWebServer  : Tomcat started on port(s): 63640 (http) with context path ''
2020-06-14 17:30:43.078  INFO 9064 --- [    Test worker] c.s.springboot.web.IndexControllerTest   : Started IndexControllerTest in 2.894 seconds (JVM running for 13.5)
2020-06-14 17:30:43.192  INFO 9064 --- [o-auto-1-exec-1] o.a.c.c.C.[Tomcat].[localhost].[/]       : Initializing Spring DispatcherServlet 'dispatcherServlet'
2020-06-14 17:30:43.193  INFO 9064 --- [o-auto-1-exec-1] o.s.web.servlet.DispatcherServlet        : Initializing Servlet 'dispatcherServlet'
2020-06-14 17:30:43.230  INFO 9064 --- [o-auto-1-exec-1] o.s.web.servlet.DispatcherServlet        : Completed initialization in 37 ms
Hibernate: select posts0_.id as id1_0_, posts0_.created_date as created_2_0_, posts0_.modified_date as modified3_0_, posts0_.author as author4_0_, posts0_.content as content5_0_, posts0_.title as title6_0_ from posts posts0_ order by posts0_.id DESC
]]></system-out>
  <system-err><![CDATA[]]></system-err>
</testsuite>
