<?xml version="1.0" encoding="UTF-8"?>
<testsuite name="com.seongmink.springboot.domain.posts.PostsRepositoryTest" tests="2" skipped="0" failures="0" errors="0" timestamp="2020-06-14T08:30:39" hostname="DESKTOP-KVCQHCD" time="0.19">
  <properties/>
  <testcase name="BaseTimeEntity_등록" classname="com.seongmink.springboot.domain.posts.PostsRepositoryTest" time="0.175"/>
  <testcase name="게시글작성_불러오기" classname="com.seongmink.springboot.domain.posts.PostsRepositoryTest" time="0.015"/>
  <system-out><![CDATA[2020-06-14 17:30:36.086  INFO 9064 --- [    Test worker] .b.t.c.SpringBootTestContextBootstrapper : Neither @ContextConfiguration nor @ContextHierarchy found for test class [com.seongmink.springboot.domain.posts.PostsRepositoryTest], using SpringBootContextLoader
2020-06-14 17:30:36.087  INFO 9064 --- [    Test worker] o.s.t.c.support.AbstractContextLoader    : Could not detect default resource locations for test class [com.seongmink.springboot.domain.posts.PostsRepositoryTest]: no resource found for suffixes {-context.xml, Context.groovy}.
2020-06-14 17:30:36.087  INFO 9064 --- [    Test worker] t.c.s.AnnotationConfigContextLoaderUtils : Could not detect default configuration classes for test class [com.seongmink.springboot.domain.posts.PostsRepositoryTest]: PostsRepositoryTest does not declare any static, non-private, non-final, nested classes annotated with @Configuration.
2020-06-14 17:30:36.098  INFO 9064 --- [    Test worker] .b.t.c.SpringBootTestContextBootstrapper : Found @SpringBootConfiguration com.seongmink.springboot.Application for test class com.seongmink.springboot.domain.posts.PostsRepositoryTest
2020-06-14 17:30:36.100  INFO 9064 --- [    Test worker] .b.t.c.SpringBootTestContextBootstrapper : Loaded default TestExecutionListener class names from location [META-INF/spring.factories]: [org.springframework.security.test.context.support.WithSecurityContextTestExecutionListener, org.springframework.security.test.context.support.ReactorContextTestExecutionListener, org.springframework.boot.test.autoconfigure.restdocs.RestDocsTestExecutionListener, org.springframework.boot.test.autoconfigure.web.client.MockRestServiceServerResetTestExecutionListener, org.springframework.boot.test.autoconfigure.web.servlet.MockMvcPrintOnlyOnFailureTestExecutionListener, org.springframework.boot.test.autoconfigure.web.servlet.WebDriverTestExecutionListener, org.springframework.boot.test.mock.mockito.MockitoTestExecutionListener, org.springframework.boot.test.mock.mockito.ResetMocksTestExecutionListener, org.springframework.test.context.web.ServletTestExecutionListener, org.springframework.test.context.support.DirtiesContextBeforeModesTestExecutionListener, org.springframework.test.context.support.DependencyInjectionTestExecutionListener, org.springframework.test.context.support.DirtiesContextTestExecutionListener, org.springframework.test.context.transaction.TransactionalTestExecutionListener, org.springframework.test.context.jdbc.SqlScriptsTestExecutionListener]
2020-06-14 17:30:36.102  INFO 9064 --- [    Test worker] .b.t.c.SpringBootTestContextBootstrapper : Using TestExecutionListeners: [org.springframework.test.context.web.ServletTestExecutionListener@1c5cbdfd, org.springframework.test.context.support.DirtiesContextBeforeModesTestExecutionListener@76d412b0, org.springframework.boot.test.mock.mockito.MockitoTestExecutionListener@7308e913, org.springframework.boot.test.autoconfigure.SpringBootDependencyInjectionTestExecutionListener@1a8d4dcb, org.springframework.test.context.support.DirtiesContextTestExecutionListener@6347b832, org.springframework.test.context.transaction.TransactionalTestExecutionListener@35d07778, org.springframework.test.context.jdbc.SqlScriptsTestExecutionListener@1a440a0, org.springframework.security.test.context.support.WithSecurityContextTestExecutionListener@71b7b64a, org.springframework.security.test.context.support.ReactorContextTestExecutionListener@2fef0666, org.springframework.boot.test.autoconfigure.restdocs.RestDocsTestExecutionListener@1932df54, org.springframework.boot.test.autoconfigure.web.client.MockRestServiceServerResetTestExecutionListener@3ab02d92, org.springframework.boot.test.autoconfigure.web.servlet.MockMvcPrintOnlyOnFailureTestExecutionListener@76f9d968, org.springframework.boot.test.autoconfigure.web.servlet.WebDriverTestExecutionListener@21722de7, org.springframework.boot.test.mock.mockito.ResetMocksTestExecutionListener@2eb58ee2]

  .   ____          _            __ _ _
 /\\ / ___'_ __ _ _(_)_ __  __ _ \ \ \ \
( ( )\___ | '_ | '_| | '_ \/ _` | \ \ \ \
 \\/  ___)| |_)| | | | | || (_| |  ) ) ) )
  '  |____| .__|_| |_|_| |_\__, | / / / /
 =========|_|==============|___/=/_/_/_/
 :: Spring Boot ::        (v2.1.7.RELEASE)

2020-06-14 17:30:36.130  INFO 9064 --- [    Test worker] c.s.s.domain.posts.PostsRepositoryTest   : Starting PostsRepositoryTest on DESKTOP-KVCQHCD with PID 9064 (started by multicampus in C:\Study_springboot2_webservice)
2020-06-14 17:30:36.131  INFO 9064 --- [    Test worker] c.s.s.domain.posts.PostsRepositoryTest   : No active profile set, falling back to default profiles: default
2020-06-14 17:30:36.490  INFO 9064 --- [    Test worker] .s.d.r.c.RepositoryConfigurationDelegate : Bootstrapping Spring Data repositories in DEFAULT mode.
2020-06-14 17:30:36.552  INFO 9064 --- [    Test worker] .s.d.r.c.RepositoryConfigurationDelegate : Finished Spring Data repository scanning in 55ms. Found 2 repository interfaces.
2020-06-14 17:30:36.787  INFO 9064 --- [    Test worker] trationDelegate$BeanPostProcessorChecker : Bean 'org.springframework.transaction.annotation.ProxyTransactionManagementConfiguration' of type [org.springframework.transaction.annotation.ProxyTransactionManagementConfiguration$$EnhancerBySpringCGLIB$$a44be88c] is not eligible for getting processed by all BeanPostProcessors (for example: not eligible for auto-proxying)
2020-06-14 17:30:36.935  INFO 9064 --- [    Test worker] com.zaxxer.hikari.HikariDataSource       : HikariPool-1 - Starting...
2020-06-14 17:30:37.121  INFO 9064 --- [    Test worker] com.zaxxer.hikari.HikariDataSource       : HikariPool-1 - Start completed.
2020-06-14 17:30:37.200  INFO 9064 --- [    Test worker] o.hibernate.jpa.internal.util.LogHelper  : HHH000204: Processing PersistenceUnitInfo [
	name: default
	...]
2020-06-14 17:30:37.283  INFO 9064 --- [    Test worker] org.hibernate.Version                    : HHH000412: Hibernate Core {5.3.10.Final}
2020-06-14 17:30:37.286  INFO 9064 --- [    Test worker] org.hibernate.cfg.Environment            : HHH000206: hibernate.properties not found
2020-06-14 17:30:37.361  INFO 9064 --- [    Test worker] o.hibernate.annotations.common.Version   : HCANN000001: Hibernate Commons Annotations {5.0.4.Final}
2020-06-14 17:30:37.542  INFO 9064 --- [    Test worker] org.hibernate.dialect.Dialect            : HHH000400: Using dialect: org.hibernate.dialect.MySQL5InnoDBDialect
Hibernate: drop table if exists posts
Hibernate: drop table if exists user
Hibernate: create table posts (id bigint not null auto_increment, created_date datetime, modified_date datetime, author varchar(255), content TEXT not null, title varchar(500) not null, primary key (id)) engine=InnoDB
Hibernate: create table user (id bigint not null auto_increment, created_date datetime, modified_date datetime, email varchar(255) not null, name varchar(255) not null, picture varchar(255), role varchar(255) not null, primary key (id)) engine=InnoDB
2020-06-14 17:30:38.366  INFO 9064 --- [    Test worker] o.h.t.schema.internal.SchemaCreatorImpl  : HHH000476: Executing import script 'org.hibernate.tool.schema.internal.exec.ScriptSourceInputNonExistentImpl@6008c2a1'
2020-06-14 17:30:38.369  INFO 9064 --- [    Test worker] j.LocalContainerEntityManagerFactoryBean : Initialized JPA EntityManagerFactory for persistence unit 'default'
2020-06-14 17:30:38.863  INFO 9064 --- [    Test worker] o.h.h.i.QueryTranslatorFactoryInitiator  : HHH000397: Using ASTQueryTranslatorFactory
2020-06-14 17:30:39.174  INFO 9064 --- [    Test worker] o.s.s.web.DefaultSecurityFilterChain     : Creating filter chain: any request, [org.springframework.security.web.context.request.async.WebAsyncManagerIntegrationFilter@7eddf493, org.springframework.security.web.context.SecurityContextPersistenceFilter@a18cba6, org.springframework.security.web.header.HeaderWriterFilter@61db8685, org.springframework.security.web.authentication.logout.LogoutFilter@50d65089, org.springframework.security.oauth2.client.web.OAuth2AuthorizationRequestRedirectFilter@22b1893e, org.springframework.security.oauth2.client.web.OAuth2LoginAuthenticationFilter@64da9700, org.springframework.security.web.authentication.ui.DefaultLoginPageGeneratingFilter@1cdfed4f, org.springframework.security.web.authentication.ui.DefaultLogoutPageGeneratingFilter@6cfb654e, org.springframework.security.web.savedrequest.RequestCacheAwareFilter@790749b5, org.springframework.security.web.servletapi.SecurityContextHolderAwareRequestFilter@44d507be, org.springframework.security.web.authentication.AnonymousAuthenticationFilter@5ca98d46, org.springframework.security.web.session.SessionManagementFilter@7b1468db, org.springframework.security.web.access.ExceptionTranslationFilter@5bd5072f, org.springframework.security.web.access.intercept.FilterSecurityInterceptor@6f1b3c4f]
2020-06-14 17:30:39.508  INFO 9064 --- [    Test worker] o.s.s.concurrent.ThreadPoolTaskExecutor  : Initializing ExecutorService 'applicationTaskExecutor'
2020-06-14 17:30:39.523  WARN 9064 --- [    Test worker] aWebConfiguration$JpaWebMvcConfiguration : spring.jpa.open-in-view is enabled by default. Therefore, database queries may be performed during view rendering. Explicitly configure spring.jpa.open-in-view to disable this warning
2020-06-14 17:30:39.553  INFO 9064 --- [    Test worker] o.s.b.a.w.s.WelcomePageHandlerMapping    : Adding welcome page template: index
2020-06-14 17:30:39.963  INFO 9064 --- [    Test worker] s.a.ScheduledAnnotationBeanPostProcessor : No TaskScheduler/ScheduledExecutorService bean found for scheduled processing
2020-06-14 17:30:39.970  INFO 9064 --- [    Test worker] c.s.s.domain.posts.PostsRepositoryTest   : Started PostsRepositoryTest in 3.866 seconds (JVM running for 10.392)
Hibernate: insert into posts (created_date, modified_date, author, content, title) values (?, ?, ?, ?, ?)
Hibernate: select posts0_.id as id1_0_, posts0_.created_date as created_2_0_, posts0_.modified_date as modified3_0_, posts0_.author as author4_0_, posts0_.content as content5_0_, posts0_.title as title6_0_ from posts posts0_
>>>>>>>> createdDate = 2020-06-14T17:30:40.027, modifiedDate = 2020-06-14T17:30:40.027
Hibernate: select posts0_.id as id1_0_, posts0_.created_date as created_2_0_, posts0_.modified_date as modified3_0_, posts0_.author as author4_0_, posts0_.content as content5_0_, posts0_.title as title6_0_ from posts posts0_
Hibernate: delete from posts where id=?
Hibernate: insert into posts (created_date, modified_date, author, content, title) values (?, ?, ?, ?, ?)
Hibernate: select posts0_.id as id1_0_, posts0_.created_date as created_2_0_, posts0_.modified_date as modified3_0_, posts0_.author as author4_0_, posts0_.content as content5_0_, posts0_.title as title6_0_ from posts posts0_
Hibernate: select posts0_.id as id1_0_, posts0_.created_date as created_2_0_, posts0_.modified_date as modified3_0_, posts0_.author as author4_0_, posts0_.content as content5_0_, posts0_.title as title6_0_ from posts posts0_
Hibernate: delete from posts where id=?
]]></system-out>
  <system-err><![CDATA[]]></system-err>
</testsuite>
