<?xml version="1.0" encoding="UTF-8"?>
<testsuite name="com.seongmink.springboot.web.HelloControllerTest" tests="2" skipped="0" failures="0" errors="0" timestamp="2020-06-14T08:30:35" hostname="DESKTOP-KVCQHCD" time="0.416">
  <properties/>
  <testcase name="hello가_리턴된다" classname="com.seongmink.springboot.web.HelloControllerTest" time="0.314"/>
  <testcase name="helloDto가_리턴된다" classname="com.seongmink.springboot.web.HelloControllerTest" time="0.101"/>
  <system-out><![CDATA[17:30:31.910 [Test worker] DEBUG org.springframework.test.context.junit4.SpringJUnit4ClassRunner - SpringJUnit4ClassRunner constructor called with [class com.seongmink.springboot.web.HelloControllerTest]
17:30:31.919 [Test worker] DEBUG org.springframework.test.context.BootstrapUtils - Instantiating CacheAwareContextLoaderDelegate from class [org.springframework.test.context.cache.DefaultCacheAwareContextLoaderDelegate]
17:30:31.929 [Test worker] DEBUG org.springframework.test.context.BootstrapUtils - Instantiating BootstrapContext using constructor [public org.springframework.test.context.support.DefaultBootstrapContext(java.lang.Class,org.springframework.test.context.CacheAwareContextLoaderDelegate)]
17:30:31.952 [Test worker] DEBUG org.springframework.test.context.BootstrapUtils - Instantiating TestContextBootstrapper for test class [com.seongmink.springboot.web.HelloControllerTest] from class [org.springframework.boot.test.autoconfigure.web.servlet.WebMvcTestContextBootstrapper]
17:30:31.972 [Test worker] INFO org.springframework.boot.test.autoconfigure.web.servlet.WebMvcTestContextBootstrapper - Neither @ContextConfiguration nor @ContextHierarchy found for test class [com.seongmink.springboot.web.HelloControllerTest], using SpringBootContextLoader
17:30:31.974 [Test worker] DEBUG org.springframework.test.context.support.AbstractContextLoader - Did not detect default resource location for test class [com.seongmink.springboot.web.HelloControllerTest]: class path resource [com/seongmink/springboot/web/HelloControllerTest-context.xml] does not exist
17:30:31.975 [Test worker] DEBUG org.springframework.test.context.support.AbstractContextLoader - Did not detect default resource location for test class [com.seongmink.springboot.web.HelloControllerTest]: class path resource [com/seongmink/springboot/web/HelloControllerTestContext.groovy] does not exist
17:30:31.975 [Test worker] INFO org.springframework.test.context.support.AbstractContextLoader - Could not detect default resource locations for test class [com.seongmink.springboot.web.HelloControllerTest]: no resource found for suffixes {-context.xml, Context.groovy}.
17:30:31.976 [Test worker] INFO org.springframework.test.context.support.AnnotationConfigContextLoaderUtils - Could not detect default configuration classes for test class [com.seongmink.springboot.web.HelloControllerTest]: HelloControllerTest does not declare any static, non-private, non-final, nested classes annotated with @Configuration.
17:30:32.040 [Test worker] DEBUG org.springframework.test.context.support.ActiveProfilesUtils - Could not find an 'annotation declaring class' for annotation type [org.springframework.test.context.ActiveProfiles] and class [com.seongmink.springboot.web.HelloControllerTest]
17:30:32.114 [Test worker] DEBUG org.springframework.context.annotation.ClassPathScanningCandidateComponentProvider - Identified candidate component class: file [C:\Study_springboot2_webservice\build\classes\java\main\com\seongmink\springboot\Application.class]
17:30:32.115 [Test worker] INFO org.springframework.boot.test.context.SpringBootTestContextBootstrapper - Found @SpringBootConfiguration com.seongmink.springboot.Application for test class com.seongmink.springboot.web.HelloControllerTest
17:30:32.117 [Test worker] DEBUG org.springframework.boot.test.autoconfigure.web.servlet.WebMvcTestContextBootstrapper - @TestExecutionListeners is not present for class [com.seongmink.springboot.web.HelloControllerTest]: using defaults.
17:30:32.117 [Test worker] INFO org.springframework.boot.test.autoconfigure.web.servlet.WebMvcTestContextBootstrapper - Loaded default TestExecutionListener class names from location [META-INF/spring.factories]: [org.springframework.security.test.context.support.WithSecurityContextTestExecutionListener, org.springframework.security.test.context.support.ReactorContextTestExecutionListener, org.springframework.boot.test.autoconfigure.restdocs.RestDocsTestExecutionListener, org.springframework.boot.test.autoconfigure.web.client.MockRestServiceServerResetTestExecutionListener, org.springframework.boot.test.autoconfigure.web.servlet.MockMvcPrintOnlyOnFailureTestExecutionListener, org.springframework.boot.test.autoconfigure.web.servlet.WebDriverTestExecutionListener, org.springframework.boot.test.mock.mockito.MockitoTestExecutionListener, org.springframework.boot.test.mock.mockito.ResetMocksTestExecutionListener, org.springframework.test.context.web.ServletTestExecutionListener, org.springframework.test.context.support.DirtiesContextBeforeModesTestExecutionListener, org.springframework.test.context.support.DependencyInjectionTestExecutionListener, org.springframework.test.context.support.DirtiesContextTestExecutionListener, org.springframework.test.context.transaction.TransactionalTestExecutionListener, org.springframework.test.context.jdbc.SqlScriptsTestExecutionListener]
17:30:32.139 [Test worker] INFO org.springframework.boot.test.autoconfigure.web.servlet.WebMvcTestContextBootstrapper - Using TestExecutionListeners: [org.springframework.test.context.web.ServletTestExecutionListener@44e5a7fa, org.springframework.test.context.support.DirtiesContextBeforeModesTestExecutionListener@46707962, org.springframework.boot.test.mock.mockito.MockitoTestExecutionListener@5144e5d4, org.springframework.boot.test.autoconfigure.SpringBootDependencyInjectionTestExecutionListener@1cde6fef, org.springframework.test.context.support.DirtiesContextTestExecutionListener@756dc1f9, org.springframework.test.context.transaction.TransactionalTestExecutionListener@30131d5f, org.springframework.test.context.jdbc.SqlScriptsTestExecutionListener@468f24cc, org.springframework.security.test.context.support.WithSecurityContextTestExecutionListener@29c19ae5, org.springframework.security.test.context.support.ReactorContextTestExecutionListener@32b8e42d, org.springframework.boot.test.autoconfigure.restdocs.RestDocsTestExecutionListener@1a69eec0, org.springframework.boot.test.autoconfigure.web.client.MockRestServiceServerResetTestExecutionListener@25ff1005, org.springframework.boot.test.autoconfigure.web.servlet.MockMvcPrintOnlyOnFailureTestExecutionListener@4ca0ed, org.springframework.boot.test.autoconfigure.web.servlet.WebDriverTestExecutionListener@75a0b545, org.springframework.boot.test.mock.mockito.ResetMocksTestExecutionListener@206a4adf]
17:30:32.141 [Test worker] DEBUG org.springframework.test.annotation.ProfileValueUtils - Retrieved @ProfileValueSourceConfiguration [null] for test class [com.seongmink.springboot.web.HelloControllerTest]
17:30:32.142 [Test worker] DEBUG org.springframework.test.annotation.ProfileValueUtils - Retrieved ProfileValueSource type [class org.springframework.test.annotation.SystemProfileValueSource] for class [com.seongmink.springboot.web.HelloControllerTest]
17:30:32.142 [Test worker] DEBUG org.springframework.test.annotation.ProfileValueUtils - Retrieved @ProfileValueSourceConfiguration [null] for test class [com.seongmink.springboot.web.HelloControllerTest]
17:30:32.142 [Test worker] DEBUG org.springframework.test.annotation.ProfileValueUtils - Retrieved ProfileValueSource type [class org.springframework.test.annotation.SystemProfileValueSource] for class [com.seongmink.springboot.web.HelloControllerTest]
17:30:32.146 [Test worker] DEBUG org.springframework.test.context.support.AbstractDirtiesContextTestExecutionListener - Before test class: context [DefaultTestContext@6dee0c70 testClass = HelloControllerTest, testInstance = [null], testMethod = [null], testException = [null], mergedContextConfiguration = [WebMergedContextConfiguration@1372844a testClass = HelloControllerTest, locations = '{}', classes = '{class com.seongmink.springboot.Application}', contextInitializerClasses = '[]', activeProfiles = '{}', propertySourceLocations = '{}', propertySourceProperties = '{org.springframework.boot.test.autoconfigure.web.servlet.WebMvcTestContextBootstrapper=true}', contextCustomizers = set[org.springframework.boot.test.autoconfigure.OverrideAutoConfigurationContextCustomizerFactory$DisableAutoConfigurationContextCustomizer@2f09c470, org.springframework.boot.test.autoconfigure.filter.TypeExcludeFiltersContextCustomizer@8fdcb4cb, org.springframework.boot.test.autoconfigure.properties.PropertyMappingContextCustomizer@ad5d5234, org.springframework.boot.test.autoconfigure.web.servlet.WebDriverContextCustomizerFactory$Customizer@13c7ffd1, [ImportsContextCustomizer@4d884510 key = [org.springframework.boot.autoconfigure.cache.CacheAutoConfiguration, org.springframework.boot.autoconfigure.context.MessageSourceAutoConfiguration, org.springframework.boot.autoconfigure.data.web.SpringDataWebAutoConfiguration, org.springframework.boot.autoconfigure.freemarker.FreeMarkerAutoConfiguration, org.springframework.boot.autoconfigure.groovy.template.GroovyTemplateAutoConfiguration, org.springframework.boot.autoconfigure.gson.GsonAutoConfiguration, org.springframework.boot.autoconfigure.hateoas.HypermediaAutoConfiguration, org.springframework.boot.autoconfigure.http.HttpMessageConvertersAutoConfiguration, org.springframework.boot.autoconfigure.jackson.JacksonAutoConfiguration, org.springframework.boot.autoconfigure.jsonb.JsonbAutoConfiguration, org.springframework.boot.autoconfigure.mustache.MustacheAutoConfiguration, org.springframework.boot.autoconfigure.task.TaskExecutionAutoConfiguration, org.springframework.boot.autoconfigure.thymeleaf.ThymeleafAutoConfiguration, org.springframework.boot.autoconfigure.validation.ValidationAutoConfiguration, org.springframework.boot.autoconfigure.web.servlet.error.ErrorMvcAutoConfiguration, org.springframework.boot.autoconfigure.web.servlet.WebMvcAutoConfiguration, org.springframework.boot.test.autoconfigure.web.servlet.MockMvcAutoConfiguration, org.springframework.boot.test.autoconfigure.web.servlet.MockMvcSecurityAutoConfiguration, org.springframework.boot.test.autoconfigure.web.servlet.MockMvcWebClientAutoConfiguration, org.springframework.boot.test.autoconfigure.web.servlet.MockMvcWebDriverAutoConfiguration]], org.springframework.boot.test.context.filter.ExcludeFilterContextCustomizer@64cde61, org.springframework.boot.test.json.DuplicateJsonObjectContextCustomizerFactory$DuplicateJsonObjectContextCustomizer@54daa52, org.springframework.boot.test.mock.mockito.MockitoContextCustomizer@0], resourceBasePath = 'src/main/webapp', contextLoader = 'org.springframework.boot.test.context.SpringBootContextLoader', parent = [null]], attributes = map[[empty]]], class annotated with @DirtiesContext [false] with mode [null].
17:30:32.147 [Test worker] DEBUG org.springframework.test.annotation.ProfileValueUtils - Retrieved @ProfileValueSourceConfiguration [null] for test class [com.seongmink.springboot.web.HelloControllerTest]
17:30:32.148 [Test worker] DEBUG org.springframework.test.annotation.ProfileValueUtils - Retrieved ProfileValueSource type [class org.springframework.test.annotation.SystemProfileValueSource] for class [com.seongmink.springboot.web.HelloControllerTest]
17:30:32.152 [Test worker] DEBUG org.springframework.test.context.support.DependencyInjectionTestExecutionListener - Performing dependency injection for test context [[DefaultTestContext@6dee0c70 testClass = HelloControllerTest, testInstance = com.seongmink.springboot.web.HelloControllerTest@13b1ce82, testMethod = [null], testException = [null], mergedContextConfiguration = [WebMergedContextConfiguration@1372844a testClass = HelloControllerTest, locations = '{}', classes = '{class com.seongmink.springboot.Application}', contextInitializerClasses = '[]', activeProfiles = '{}', propertySourceLocations = '{}', propertySourceProperties = '{org.springframework.boot.test.autoconfigure.web.servlet.WebMvcTestContextBootstrapper=true}', contextCustomizers = set[org.springframework.boot.test.autoconfigure.OverrideAutoConfigurationContextCustomizerFactory$DisableAutoConfigurationContextCustomizer@2f09c470, org.springframework.boot.test.autoconfigure.filter.TypeExcludeFiltersContextCustomizer@8fdcb4cb, org.springframework.boot.test.autoconfigure.properties.PropertyMappingContextCustomizer@ad5d5234, org.springframework.boot.test.autoconfigure.web.servlet.WebDriverContextCustomizerFactory$Customizer@13c7ffd1, [ImportsContextCustomizer@4d884510 key = [org.springframework.boot.autoconfigure.cache.CacheAutoConfiguration, org.springframework.boot.autoconfigure.context.MessageSourceAutoConfiguration, org.springframework.boot.autoconfigure.data.web.SpringDataWebAutoConfiguration, org.springframework.boot.autoconfigure.freemarker.FreeMarkerAutoConfiguration, org.springframework.boot.autoconfigure.groovy.template.GroovyTemplateAutoConfiguration, org.springframework.boot.autoconfigure.gson.GsonAutoConfiguration, org.springframework.boot.autoconfigure.hateoas.HypermediaAutoConfiguration, org.springframework.boot.autoconfigure.http.HttpMessageConvertersAutoConfiguration, org.springframework.boot.autoconfigure.jackson.JacksonAutoConfiguration, org.springframework.boot.autoconfigure.jsonb.JsonbAutoConfiguration, org.springframework.boot.autoconfigure.mustache.MustacheAutoConfiguration, org.springframework.boot.autoconfigure.task.TaskExecutionAutoConfiguration, org.springframework.boot.autoconfigure.thymeleaf.ThymeleafAutoConfiguration, org.springframework.boot.autoconfigure.validation.ValidationAutoConfiguration, org.springframework.boot.autoconfigure.web.servlet.error.ErrorMvcAutoConfiguration, org.springframework.boot.autoconfigure.web.servlet.WebMvcAutoConfiguration, org.springframework.boot.test.autoconfigure.web.servlet.MockMvcAutoConfiguration, org.springframework.boot.test.autoconfigure.web.servlet.MockMvcSecurityAutoConfiguration, org.springframework.boot.test.autoconfigure.web.servlet.MockMvcWebClientAutoConfiguration, org.springframework.boot.test.autoconfigure.web.servlet.MockMvcWebDriverAutoConfiguration]], org.springframework.boot.test.context.filter.ExcludeFilterContextCustomizer@64cde61, org.springframework.boot.test.json.DuplicateJsonObjectContextCustomizerFactory$DuplicateJsonObjectContextCustomizer@54daa52, org.springframework.boot.test.mock.mockito.MockitoContextCustomizer@0], resourceBasePath = 'src/main/webapp', contextLoader = 'org.springframework.boot.test.context.SpringBootContextLoader', parent = [null]], attributes = map[[empty]]]].
17:30:32.279 [Test worker] DEBUG org.springframework.test.context.support.TestPropertySourceUtils - Adding inlined properties to environment: {spring.jmx.enabled=false, org.springframework.boot.test.autoconfigure.web.servlet.WebMvcTestContextBootstrapper=true, server.port=-1}

  .   ____          _            __ _ _
 /\\ / ___'_ __ _ _(_)_ __  __ _ \ \ \ \
( ( )\___ | '_ | '_| | '_ \/ _` | \ \ \ \
 \\/  ___)| |_)| | | | | || (_| |  ) ) ) )
  '  |____| .__|_| |_|_| |_\__, | / / / /
 =========|_|==============|___/=/_/_/_/
 :: Spring Boot ::        (v2.1.7.RELEASE)

2020-06-14 17:30:32.630  INFO 9064 --- [    Test worker] c.s.springboot.web.HelloControllerTest   : Starting HelloControllerTest on DESKTOP-KVCQHCD with PID 9064 (started by multicampus in C:\Study_springboot2_webservice)
2020-06-14 17:30:32.636  INFO 9064 --- [    Test worker] c.s.springboot.web.HelloControllerTest   : No active profile set, falling back to default profiles: default
2020-06-14 17:30:34.447  INFO 9064 --- [    Test worker] o.s.s.concurrent.ThreadPoolTaskExecutor  : Initializing ExecutorService 'applicationTaskExecutor'
2020-06-14 17:30:34.572  INFO 9064 --- [    Test worker] o.s.b.a.w.s.WelcomePageHandlerMapping    : Adding welcome page template: index
2020-06-14 17:30:35.046  INFO 9064 --- [    Test worker] .s.s.UserDetailsServiceAutoConfiguration : 

Using generated security password: d8b6e352-1008-4eeb-a70e-6155b428f402

2020-06-14 17:30:35.492  INFO 9064 --- [    Test worker] o.s.s.web.DefaultSecurityFilterChain     : Creating filter chain: any request, [org.springframework.security.web.context.request.async.WebAsyncManagerIntegrationFilter@468eb6b4, org.springframework.security.web.context.SecurityContextPersistenceFilter@1036e181, org.springframework.security.web.header.HeaderWriterFilter@7b2e5b46, org.springframework.security.web.csrf.CsrfFilter@1e1725e, org.springframework.security.web.authentication.logout.LogoutFilter@de862ff, org.springframework.security.web.authentication.UsernamePasswordAuthenticationFilter@1c457dfb, org.springframework.security.web.authentication.ui.DefaultLoginPageGeneratingFilter@709a69c4, org.springframework.security.web.authentication.ui.DefaultLogoutPageGeneratingFilter@6a813169, org.springframework.security.web.authentication.www.BasicAuthenticationFilter@3e7e2b01, org.springframework.security.web.savedrequest.RequestCacheAwareFilter@444e5fde, org.springframework.security.web.servletapi.SecurityContextHolderAwareRequestFilter@5e55e6c1, org.springframework.security.web.authentication.AnonymousAuthenticationFilter@4401b911, org.springframework.security.web.session.SessionManagementFilter@3dcea500, org.springframework.security.web.access.ExceptionTranslationFilter@3210c5ea, org.springframework.security.web.access.intercept.FilterSecurityInterceptor@5278f067]
2020-06-14 17:30:35.564  INFO 9064 --- [    Test worker] o.s.b.t.m.w.SpringBootMockServletContext : Initializing Spring TestDispatcherServlet ''
2020-06-14 17:30:35.564  INFO 9064 --- [    Test worker] o.s.t.web.servlet.TestDispatcherServlet  : Initializing Servlet ''
2020-06-14 17:30:35.583  INFO 9064 --- [    Test worker] o.s.t.web.servlet.TestDispatcherServlet  : Completed initialization in 19 ms
2020-06-14 17:30:35.650  INFO 9064 --- [    Test worker] c.s.springboot.web.HelloControllerTest   : Started HelloControllerTest in 3.359 seconds (JVM running for 6.071)
]]></system-out>
  <system-err><![CDATA[]]></system-err>
</testsuite>
